2023-07-27 07:11:27.412 [info] Added views:workbench.panel.markers.view in workbench.panel.markers
2023-07-27 07:11:27.412 [info] Added views:workbench.panel.output in workbench.panel.output
2023-07-27 07:11:27.412 [info] Added views:terminal in terminal
2023-07-27 07:11:27.412 [info] Added views:outline in workbench.view.explorer
2023-07-27 07:11:27.412 [info] Added views:workbench.scm in workbench.view.scm
2023-07-27 07:11:27.412 [info] Added views:workbench.view.search in workbench.view.search
2023-07-27 07:11:27.412 [info] Added views:timeline in workbench.view.explorer
2023-07-27 07:11:27.412 [info] Added views:workbench.explorer.emptyView in workbench.view.explorer
2023-07-27 07:11:28.791 [info] Added views:workbench.debug.welcome in workbench.view.debug
2023-07-27 07:11:29.156 [info] Added views:workbench.panel.repl.view in workbench.panel.repl
2023-07-27 07:11:31.133 [info] Added views:workbench.views.extensions.installed,workbench.views.extensions.popular,extensions.recommendedList in workbench.view.extensions
2023-07-27 07:11:31.139 [info] Removed views:workbench.views.extensions.popular from workbench.view.extensions
2023-07-27 07:11:31.975 [info] Added views:workbench.views.extensions.popular in workbench.view.extensions
2023-07-27 07:11:34.990 [info] Removed views:extensions.recommendedList,workbench.views.extensions.popular,workbench.views.extensions.installed from workbench.view.extensions
2023-07-27 07:11:35.021 [info] Added views:workbench.views.extensions.marketplace in workbench.view.extensions
2023-07-27 07:11:52.798 [info] Removed views:workbench.views.extensions.marketplace from workbench.view.extensions
2023-07-27 07:11:52.888 [info] Added views:workbench.views.extensions.installed,workbench.views.extensions.popular,extensions.recommendedList in workbench.view.extensions
2023-07-27 07:11:55.650 [info] Removed views:extensions.recommendedList,workbench.views.extensions.popular,workbench.views.extensions.installed from workbench.view.extensions
2023-07-27 07:11:55.677 [info] Added views:workbench.views.extensions.marketplace in workbench.view.extensions
2023-07-27 07:12:03.124 [info] Removed views:workbench.views.extensions.marketplace from workbench.view.extensions
2023-07-27 07:12:03.179 [info] Added views:workbench.views.extensions.installed,workbench.views.extensions.popular,extensions.recommendedList in workbench.view.extensions
2023-07-27 07:14:53.670 [info] Removed views:extensions.recommendedList,workbench.views.extensions.popular,workbench.views.extensions.installed from workbench.view.extensions
2023-07-27 07:14:53.694 [info] Added views:workbench.views.extensions.marketplace in workbench.view.extensions
